# JRE version: OpenJDK Runtime Environment (8.0_76-b03) (build 1.8.0_76-release-b03)
# Java VM: OpenJDK 64-Bit Server VM (25.76-b03 mixed mode windows-amd64 compressed oops)
Heap:
 PSYoungGen      total 315904K, used 29556K [0x00000000eab00000, 0x00000000ffd80000, 0x0000000100000000)
  eden space 285184K, 9% used [0x00000000eab00000,0x00000000ec479b50,0x00000000fc180000)
  from space 30720K, 11% used [0x00000000fdf80000,0x00000000fe2e3690,0x00000000ffd80000)
  to   space 30720K, 0% used [0x00000000fc180000,0x00000000fc180000,0x00000000fdf80000)
 ParOldGen       total 150016K, used 78135K [0x00000000c0000000, 0x00000000c9280000, 0x00000000eab00000)
  object space 150016K, 52% used [0x00000000c0000000,0x00000000c4c4dd90,0x00000000c9280000)
 Metaspace       used 74626K, capacity 77352K, committed 77488K, reserved 1116160K
  class space    used 9290K, capacity 9868K, committed 9904K, reserved 1048576K
GC Heap History (10 events):
Event: 1476.018 GC heap before
{Heap before GC invocations=43 (full 7):
 PSYoungGen      total 310272K, used 279526K [0x00000000eab00000, 0x00000000ffd80000, 0x0000000100000000)
  eden space 272896K, 100% used [0x00000000eab00000,0x00000000fb580000,0x00000000fb580000)
  from space 37376K, 17% used [0x00000000fb580000,0x00000000fbbf99a8,0x00000000fda00000)
  to   space 35840K, 0% used [0x00000000fda80000,0x00000000fda80000,0x00000000ffd80000)
 ParOldGen       total 150016K, used 71468K [0x00000000c0000000, 0x00000000c9280000, 0x00000000eab00000)
  object space 150016K, 47% used [0x00000000c0000000,0x00000000c45cb0e8,0x00000000c9280000)
 Metaspace       used 73446K, capacity 76116K, committed 76336K, reserved 1116160K
  class space    used 9110K, capacity 9658K, committed 9776K, reserved 1048576K
Event: 1476.030 GC heap after
Heap after GC invocations=43 (full 7):
 PSYoungGen      total 310784K, used 6752K [0x00000000eab00000, 0x00000000ffc80000, 0x0000000100000000)
  eden space 275968K, 0% used [0x00000000eab00000,0x00000000eab00000,0x00000000fb880000)
  from space 34816K, 19% used [0x00000000fda80000,0x00000000fe118020,0x00000000ffc80000)
  to   space 34816K, 0% used [0x00000000fb880000,0x00000000fb880000,0x00000000fda80000)
 ParOldGen       total 150016K, used 71468K [0x00000000c0000000, 0x00000000c9280000, 0x00000000eab00000)
  object space 150016K, 47% used [0x00000000c0000000,0x00000000c45cb0e8,0x00000000c9280000)
 Metaspace       used 73446K, capacity 76116K, committed 76336K, reserved 1116160K
  class space    used 9110K, capacity 9658K, committed 9776K, reserved 1048576K
}
Event: 1476.704 GC heap before
{Heap before GC invocations=44 (full 7):
 PSYoungGen      total 310784K, used 281921K [0x00000000eab00000, 0x00000000ffc80000, 0x0000000100000000)
  eden space 275968K, 99% used [0x00000000eab00000,0x00000000fb7b86e8,0x00000000fb880000)
  from space 34816K, 19% used [0x00000000fda80000,0x00000000fe118020,0x00000000ffc80000)
  to   space 34816K, 0% used [0x00000000fb880000,0x00000000fb880000,0x00000000fda80000)
 ParOldGen       total 150016K, used 71468K [0x00000000c0000000, 0x00000000c9280000, 0x00000000eab00000)
  object space 150016K, 47% used [0x00000000c0000000,0x00000000c45cb0e8,0x00000000c9280000)
 Metaspace       used 73481K, capacity 76158K, committed 76336K, reserved 1116160K
  class space    used 9114K, capacity 9665K, committed 9776K, reserved 1048576K
Event: 1476.722 GC heap after
Heap after GC invocations=44 (full 7):
 PSYoungGen      total 310784K, used 8275K [0x00000000eab00000, 0x00000000ffd00000, 0x0000000100000000)
  eden space 275968K, 0% used [0x00000000eab00000,0x00000000eab00000,0x00000000fb880000)
  from space 34816K, 23% used [0x00000000fb880000,0x00000000fc094d60,0x00000000fda80000)
  to   space 33280K, 0% used [0x00000000fdc80000,0x00000000fdc80000,0x00000000ffd00000)
 ParOldGen       total 150016K, used 71476K [0x00000000c0000000, 0x00000000c9280000, 0x00000000eab00000)
  object space 150016K, 47% used [0x00000000c0000000,0x00000000c45cd0e8,0x00000000c9280000)
 Metaspace       used 73481K, capacity 76158K, committed 76336K, reserved 1116160K
  class space    used 9114K, capacity 9665K, committed 9776K, reserved 1048576K
}
Event: 1476.833 GC heap before
{Heap before GC invocations=45 (full 7):
 PSYoungGen      total 310784K, used 283316K [0x00000000eab00000, 0x00000000ffd00000, 0x0000000100000000)
  eden space 275968K, 99% used [0x00000000eab00000,0x00000000fb798598,0x00000000fb880000)
  from space 34816K, 23% used [0x00000000fb880000,0x00000000fc094d60,0x00000000fda80000)
  to   space 33280K, 0% used [0x00000000fdc80000,0x00000000fdc80000,0x00000000ffd00000)
 ParOldGen       total 150016K, used 71476K [0x00000000c0000000, 0x00000000c9280000, 0x00000000eab00000)
  object space 150016K, 47% used [0x00000000c0000000,0x00000000c45cd0e8,0x00000000c9280000)
 Metaspace       used 73481K, capacity 76158K, committed 76336K, reserved 1116160K
  class space    used 9114K, capacity 9665K, committed 9776K, reserved 1048576K
Event: 1476.866 GC heap after
Heap after GC invocations=45 (full 7):
 PSYoungGen      total 313344K, used 4592K [0x00000000eab00000, 0x00000000ffc80000, 0x0000000100000000)
  eden space 280576K, 0% used [0x00000000eab00000,0x00000000eab00000,0x00000000fbd00000)
  from space 32768K, 14% used [0x00000000fdc80000,0x00000000fe0fc360,0x00000000ffc80000)
  to   space 32256K, 0% used [0x00000000fbd00000,0x00000000fbd00000,0x00000000fdc80000)
 ParOldGen       total 150016K, used 74052K [0x00000000c0000000, 0x00000000c9280000, 0x00000000eab00000)
  object space 150016K, 49% used [0x00000000c0000000,0x00000000c4851148,0x00000000c9280000)
 Metaspace       used 73481K, capacity 76158K, committed 76336K, reserved 1116160K
  class space    used 9114K, capacity 9665K, committed 9776K, reserved 1048576K
}
Event: 1483.343 GC heap before
{Heap before GC invocations=46 (full 7):
 PSYoungGen      total 313344K, used 285168K [0x00000000eab00000, 0x00000000ffc80000, 0x0000000100000000)
  eden space 280576K, 100% used [0x00000000eab00000,0x00000000fbd00000,0x00000000fbd00000)
  from space 32768K, 14% used [0x00000000fdc80000,0x00000000fe0fc360,0x00000000ffc80000)
  to   space 32256K, 0% used [0x00000000fbd00000,0x00000000fbd00000,0x00000000fdc80000)
 ParOldGen       total 150016K, used 74052K [0x00000000c0000000, 0x00000000c9280000, 0x00000000eab00000)
  object space 150016K, 49% used [0x00000000c0000000,0x00000000c4851148,0x00000000c9280000)
 Metaspace       used 73614K, capacity 76296K, committed 76592K, reserved 1116160K
  class space    used 9127K, capacity 9708K, committed 9776K, reserved 1048576K
Event: 1483.394 GC heap after
Heap after GC invocations=46 (full 7):
 PSYoungGen      total 312832K, used 2061K [0x00000000eab00000, 0x00000000ffe80000, 0x0000000100000000)
  eden space 280576K, 0% used [0x00000000eab00000,0x00000000eab00000,0x00000000fbd00000)
  from space 32256K, 6% used [0x00000000fbd00000,0x00000000fbf03430,0x00000000fdc80000)
  to   space 31744K, 0% used [0x00000000fdf80000,0x00000000fdf80000,0x00000000ffe80000)
 ParOldGen       total 150016K, used 77655K [0x00000000c0000000, 0x00000000c9280000, 0x00000000eab00000)
  object space 150016K, 51% used [0x00000000c0000000,0x00000000c4bd5d90,0x00000000c9280000)
 Metaspace       used 73614K, capacity 76296K, committed 76592K, reserved 1116160K
  class space    used 9127K, capacity 9708K, committed 9776K, reserved 1048576K
}
Event: 1602.992 GC heap before
{Heap before GC invocations=47 (full 7):
 PSYoungGen      total 312832K, used 282637K [0x00000000eab00000, 0x00000000ffe80000, 0x0000000100000000)
  eden space 280576K, 100% used [0x00000000eab00000,0x00000000fbd00000,0x00000000fbd00000)
  from space 32256K, 6% used [0x00000000fbd00000,0x00000000fbf03430,0x00000000fdc80000)
  to   space 31744K, 0% used [0x00000000fdf80000,0x00000000fdf80000,0x00000000ffe80000)
 ParOldGen       total 150016K, used 77655K [0x00000000c0000000, 0x00000000c9280000, 0x00000000eab00000)
  object space 150016K, 51% used [0x00000000c0000000,0x00000000c4bd5d90,0x00000000c9280000)
 Metaspace       used 74619K, capacity 77352K, committed 77488K, reserved 1116160K
  class space    used 9290K, capacity 9868K, committed 9904K, reserved 1048576K
Event: 1603.319 GC heap after
Heap after GC invocations=47 (full 7):
 PSYoungGen      total 315904K, used 3469K [0x00000000eab00000, 0x00000000ffd80000, 0x0000000100000000)
  eden space 285184K, 0% used [0x00000000eab00000,0x00000000eab00000,0x00000000fc180000)
  from space 30720K, 11% used [0x00000000fdf80000,0x00000000fe2e3690,0x00000000ffd80000)
  to   space 30720K, 0% used [0x00000000fc180000,0x00000000fc180000,0x00000000fdf80000)
 ParOldGen       total 150016K, used 78135K [0x00000000c0000000, 0x00000000c9280000, 0x00000000eab00000)
  object space 150016K, 52% used [0x00000000c0000000,0x00000000c4c4dd90,0x00000000c9280000)
 Metaspace       used 74619K, capacity 77352K, committed 77488K, reserved 1116160K
  class space    used 9290K, capacity 9868K, committed 9904K, reserved 1048576K
}

